Case #1: our language is impossible to understand
Case #2: there are twenty six factorial possibilities
Case #3: so it is okay if you want to just give up
Case #4: xoggk d yl wxo vkkvgo ekso uyl wonw sywy
Case #5: xkf yto akj
Case #6: yabba dabba yabba dabba yabba dabba yabba dabba yabba dabba yabba dabba yabba dabba yabba dooooooooo
Case #7: a b c d e f g h i j k l m n o p q r s t u v y w x y z now i know my abcs
Case #8: next time wont you sing with me
Case #9: translating text is not goros strength
Case #10: strength is goros strength
Case #11: oh hai im in ur computer eating your cheezburgers and googleresing your textz
Case #12: dr zaius dr zaius dr zaius dr zaius ooooooooooooh dr zaius
Case #13: how are you holding up because im a potato
Case #14: now is the summer of our lack of discontent
Case #15: pneumonoultramicroscopicsilicovolcanoconiosis
Case #16: an eye for an eye and a pigeon for a pigeon
Case #17: you better cut the pizza in four pieces because im not hungry enough to eat six
Case #18: whoooooooooooooooooooaaaaaaaaa i know c plus plus
Case #19: swift as the wind quiet as the forest steady as the mountain
Case #20: our code jam is like the pythagorean theorem
Case #21: there is no answer
Case #22: im commander shepard and this is my favorite problem on the google code jam
Case #23: it was the best of times it was the blurst of times
Case #24: you pissed off the chicken lady
Case #25: f of two equals f of one equals one
Case #26: for i between three and n f of i equals f of i minus one plus f of i minus two
Case #27: oh nooooo goggalor is headed for the orphanage
Case #28: oh my god lets make out
Case #29: this is so exciting i have to go the bathroom
Case #30: by the pricking of my thumbs something wicked this way comes
